<?xml version="1.0" encoding="UTF-8"?><testsuite errors="0" failures="0" name="com.restful.booker.testsuite.CRUDTest" skipped="0" tests="6" time="11.14" timestamp="2023-01-03T22:03:23.785Z[Europe/London]"><testcase classname="com.restful.booker.testsuite.CRUDTest" name="Creating token"/><testcase classname="com.restful.booker.testsuite.CRUDTest" name="Creating booking"/><testcase classname="com.restful.booker.testsuite.CRUDTest" name="Get all bookingid"/><testcase classname="com.restful.booker.testsuite.CRUDTest" name="Get single bookingID"/><testcase classname="com.restful.booker.testsuite.CRUDTest" name="update booking"/><testcase classname="com.restful.booker.testsuite.CRUDTest" name="Delete the booking and verify if the booking is deleted!"/></testsuite>